<?xml version="1.0" encoding="UTF-8"?>
<coverage generated="1679192001893" clover="3.2.0">
  <project timestamp="1679192001893" name="All files">
    <metrics statements="45" coveredstatements="38" conditionals="11" coveredconditionals="6" methods="14" coveredmethods="10" elements="70" coveredelements="54" complexity="0" loc="45" ncloc="45" packages="3" files="7" classes="7"/>
    <package name="components.layouts.header">
      <metrics statements="32" coveredstatements="32" conditionals="6" coveredconditionals="6" methods="9" coveredmethods="9"/>
      <file name="Logo.tsx" path="/Users/masatoshi/Dev/副業/ポートフォリオ/portfolio-2023/resources/ts/components/layouts/header/Logo.tsx">
        <metrics statements="5" coveredstatements="5" conditionals="0" coveredconditionals="0" methods="1" coveredmethods="1"/>
        <line num="2" count="1" type="stmt"/>
        <line num="3" count="1" type="stmt"/>
        <line num="5" count="1" type="stmt"/>
        <line num="31" count="1" type="stmt"/>
        <line num="32" count="12" type="stmt"/>
      </file>
      <file name="Navbar.tsx" path="/Users/masatoshi/Dev/副業/ポートフォリオ/portfolio-2023/resources/ts/components/layouts/header/Navbar.tsx">
        <metrics statements="15" coveredstatements="15" conditionals="4" coveredconditionals="4" methods="5" coveredmethods="5"/>
        <line num="2" count="1" type="stmt"/>
        <line num="3" count="1" type="stmt"/>
        <line num="4" count="1" type="stmt"/>
        <line num="5" count="1" type="stmt"/>
        <line num="6" count="1" type="stmt"/>
        <line num="7" count="1" type="stmt"/>
        <line num="9" count="1" type="stmt"/>
        <line num="11" count="12" type="stmt"/>
        <line num="32" count="1" type="stmt"/>
        <line num="56" count="1" type="stmt"/>
        <line num="57" count="12" type="stmt"/>
        <line num="59" count="12" type="stmt"/>
        <line num="74" count="72" type="stmt"/>
        <line num="78" count="1" type="stmt"/>
        <line num="86" count="24" type="stmt"/>
      </file>
      <file name="SnsLink.tsx" path="/Users/masatoshi/Dev/副業/ポートフォリオ/portfolio-2023/resources/ts/components/layouts/header/SnsLink.tsx">
        <metrics statements="4" coveredstatements="4" conditionals="0" coveredconditionals="0" methods="1" coveredmethods="1"/>
        <line num="2" count="1" type="stmt"/>
        <line num="4" count="1" type="stmt"/>
        <line num="23" count="1" type="stmt"/>
        <line num="24" count="24" type="stmt"/>
      </file>
      <file name="Toggler.tsx" path="/Users/masatoshi/Dev/副業/ポートフォリオ/portfolio-2023/resources/ts/components/layouts/header/Toggler.tsx">
        <metrics statements="6" coveredstatements="6" conditionals="2" coveredconditionals="2" methods="2" coveredmethods="2"/>
        <line num="2" count="1" type="stmt"/>
        <line num="5" count="1" type="stmt"/>
        <line num="7" count="1" type="stmt"/>
        <line num="23" count="1" type="stmt"/>
        <line num="27" count="12" type="stmt"/>
        <line num="29" count="5" type="stmt"/>
      </file>
      <file name="consts.ts" path="/Users/masatoshi/Dev/副業/ポートフォリオ/portfolio-2023/resources/ts/components/layouts/header/consts.ts">
        <metrics statements="2" coveredstatements="2" conditionals="0" coveredconditionals="0" methods="0" coveredmethods="0"/>
        <line num="1" count="1" type="stmt"/>
        <line num="10" count="1" type="stmt"/>
      </file>
    </package>
    <package name="mocks">
      <metrics statements="8" coveredstatements="2" conditionals="5" coveredconditionals="0" methods="3" coveredmethods="0"/>
      <file name="handlers.ts" path="/Users/masatoshi/Dev/副業/ポートフォリオ/portfolio-2023/resources/ts/mocks/handlers.ts">
        <metrics statements="8" coveredstatements="2" conditionals="5" coveredconditionals="0" methods="3" coveredmethods="0"/>
        <line num="1" count="1" type="stmt"/>
        <line num="2" count="1" type="stmt"/>
        <line num="3" count="0" type="stmt"/>
        <line num="4" count="0" type="stmt"/>
        <line num="5" count="0" type="cond" truecount="0" falsecount="5"/>
        <line num="6" count="0" type="stmt"/>
        <line num="8" count="0" type="stmt"/>
        <line num="16" count="0" type="stmt"/>
      </file>
    </package>
    <package name="styles">
      <metrics statements="5" coveredstatements="4" conditionals="0" coveredconditionals="0" methods="2" coveredmethods="1"/>
      <file name="mediaQueries.ts" path="/Users/masatoshi/Dev/副業/ポートフォリオ/portfolio-2023/resources/ts/styles/mediaQueries.ts">
        <metrics statements="5" coveredstatements="4" conditionals="0" coveredconditionals="0" methods="2" coveredmethods="1"/>
        <line num="1" count="1" type="stmt"/>
        <line num="12" count="1" type="stmt"/>
        <line num="13" count="3" type="stmt"/>
        <line num="15" count="1" type="stmt"/>
        <line num="16" count="0" type="stmt"/>
      </file>
    </package>
  </project>
</coverage>
