{"/Users/masatoshi/Dev/副業/ポートフォリオ/portfolio-2023/resources/ts/components/layouts/header/Logo.tsx": {"path":"/Users/masatoshi/Dev/副業/ポートフォリオ/portfolio-2023/resources/ts/components/layouts/header/Logo.tsx","statementMap":{"0":{"start":{"line":2,"column":0},"end":{"line":2,"column":37}},"1":{"start":{"line":3,"column":0},"end":{"line":3,"column":47}},"2":{"start":{"line":5,"column":18},"end":{"line":29,"column":2}},"3":{"start":{"line":32,"column":2},"end":{"line":40,"column":4}},"4":{"start":{"line":31,"column":0},"end":{"line":31,"column":24}}},"fnMap":{"0":{"name":"Logo","decl":{"start":{"line":31,"column":24},"end":{"line":31,"column":28}},"loc":{"start":{"line":31,"column":28},"end":{"line":41,"column":1}}}},"branchMap":{},"s":{"0":1,"1":1,"2":1,"3":12,"4":1},"f":{"0":12},"b":{}}
,"/Users/masatoshi/Dev/副業/ポートフォリオ/portfolio-2023/resources/ts/components/layouts/header/Navbar.tsx": {"path":"/Users/masatoshi/Dev/副業/ポートフォリオ/portfolio-2023/resources/ts/components/layouts/header/Navbar.tsx","statementMap":{"0":{"start":{"line":2,"column":0},"end":{"line":2,"column":37}},"1":{"start":{"line":3,"column":0},"end":{"line":3,"column":33}},"2":{"start":{"line":4,"column":0},"end":{"line":4,"column":40}},"3":{"start":{"line":5,"column":0},"end":{"line":5,"column":26}},"4":{"start":{"line":6,"column":0},"end":{"line":6,"column":32}},"5":{"start":{"line":7,"column":0},"end":{"line":7,"column":32}},"6":{"start":{"line":9,"column":19},"end":{"line":31,"column":2}},"7":{"start":{"line":11,"column":4},"end":{"line":23,"column":6}},"8":{"start":{"line":32,"column":15},"end":{"line":54,"column":2}},"9":{"start":{"line":57,"column":30},"end":{"line":57,"column":45}},"10":{"start":{"line":59,"column":2},"end":{"line":94,"column":4}},"11":{"start":{"line":74,"column":16},"end":{"line":74,"column":null}},"12":{"start":{"line":78,"column":35},"end":{"line":78,"column":51}},"13":{"start":{"line":86,"column":18},"end":{"line":86,"column":35}},"14":{"start":{"line":56,"column":0},"end":{"line":56,"column":24}}},"fnMap":{"0":{"name":"(anonymous_1)","decl":{"start":{"line":10,"column":8},"end":{"line":10,"column":9}},"loc":{"start":{"line":11,"column":4},"end":{"line":23,"column":6}}},"1":{"name":"Navbar","decl":{"start":{"line":56,"column":24},"end":{"line":56,"column":30}},"loc":{"start":{"line":56,"column":30},"end":{"line":95,"column":1}}},"2":{"name":"(anonymous_3)","decl":{"start":{"line":73,"column":25},"end":{"line":73,"column":26}},"loc":{"start":{"line":74,"column":16},"end":{"line":74,"column":null}}},"3":{"name":"(anonymous_4)","decl":{"start":{"line":78,"column":29},"end":{"line":78,"column":32}},"loc":{"start":{"line":78,"column":35},"end":{"line":78,"column":51}}},"4":{"name":"(anonymous_5)","decl":{"start":{"line":85,"column":27},"end":{"line":85,"column":28}},"loc":{"start":{"line":86,"column":18},"end":{"line":86,"column":35}}}},"branchMap":{"0":{"loc":{"start":{"line":22,"column":16},"end":{"line":22,"column":54}},"type":"cond-expr","locations":[{"start":{"line":22,"column":25},"end":{"line":22,"column":39}},{"start":{"line":22,"column":42},"end":{"line":22,"column":54}}]},"1":{"loc":{"start":{"line":67,"column":30},"end":{"line":67,"column":46}},"type":"binary-expr","locations":[{"start":{"line":67,"column":30},"end":{"line":67,"column":36}},{"start":{"line":67,"column":40},"end":{"line":67,"column":46}}]}},"s":{"0":1,"1":1,"2":1,"3":1,"4":1,"5":1,"6":1,"7":12,"8":1,"9":12,"10":12,"11":72,"12":1,"13":24,"14":1},"f":{"0":12,"1":12,"2":72,"3":1,"4":24},"b":{"0":[4,8],"1":[12,4]}}
,"/Users/masatoshi/Dev/副業/ポートフォリオ/portfolio-2023/resources/ts/components/layouts/header/SnsLink.tsx": {"path":"/Users/masatoshi/Dev/副業/ポートフォリオ/portfolio-2023/resources/ts/components/layouts/header/SnsLink.tsx","statementMap":{"0":{"start":{"line":2,"column":0},"end":{"line":2,"column":55}},"1":{"start":{"line":4,"column":15},"end":{"line":12,"column":2}},"2":{"start":{"line":24,"column":2},"end":{"line":42,"column":4}},"3":{"start":{"line":23,"column":0},"end":{"line":23,"column":24}}},"fnMap":{"0":{"name":"SnsLink","decl":{"start":{"line":23,"column":24},"end":{"line":23,"column":31}},"loc":{"start":{"line":23,"column":61},"end":{"line":43,"column":1}}}},"branchMap":{},"s":{"0":1,"1":1,"2":24,"3":1},"f":{"0":24},"b":{}}
,"/Users/masatoshi/Dev/副業/ポートフォリオ/portfolio-2023/resources/ts/components/layouts/header/Toggler.tsx": {"path":"/Users/masatoshi/Dev/副業/ポートフォリオ/portfolio-2023/resources/ts/components/layouts/header/Toggler.tsx","statementMap":{"0":{"start":{"line":2,"column":0},"end":{"line":2,"column":37}},"1":{"start":{"line":5,"column":0},"end":{"line":5,"column":47}},"2":{"start":{"line":7,"column":19},"end":{"line":16,"column":2}},"3":{"start":{"line":27,"column":2},"end":{"line":144,"column":4}},"4":{"start":{"line":29,"column":29},"end":{"line":29,"column":47}},"5":{"start":{"line":23,"column":0},"end":{"line":23,"column":24}}},"fnMap":{"0":{"name":"Toggler","decl":{"start":{"line":23,"column":24},"end":{"line":23,"column":31}},"loc":{"start":{"line":26,"column":15},"end":{"line":145,"column":1}}},"1":{"name":"(anonymous_1)","decl":{"start":{"line":29,"column":23},"end":{"line":29,"column":26}},"loc":{"start":{"line":29,"column":29},"end":{"line":29,"column":47}}}},"branchMap":{"0":{"loc":{"start":{"line":30,"column":9},"end":{"line":140,"column":null}},"type":"cond-expr","locations":[{"start":{"line":31,"column":10},"end":{"line":82,"column":null}},{"start":{"line":85,"column":10},"end":{"line":139,"column":null}}]}},"s":{"0":1,"1":1,"2":1,"3":12,"4":5,"5":1},"f":{"0":12,"1":5},"b":{"0":[4,8]}}
,"/Users/masatoshi/Dev/副業/ポートフォリオ/portfolio-2023/resources/ts/components/layouts/header/consts.ts": {"path":"/Users/masatoshi/Dev/副業/ポートフォリオ/portfolio-2023/resources/ts/components/layouts/header/consts.ts","statementMap":{"0":{"start":{"line":1,"column":13},"end":{"line":8,"column":2}},"1":{"start":{"line":10,"column":13},"end":{"line":21,"column":2}}},"fnMap":{},"branchMap":{},"s":{"0":1,"1":1},"f":{},"b":{}}
,"/Users/masatoshi/Dev/副業/ポートフォリオ/portfolio-2023/resources/ts/mocks/handlers.ts": {"path":"/Users/masatoshi/Dev/副業/ポートフォリオ/portfolio-2023/resources/ts/mocks/handlers.ts","statementMap":{"0":{"start":{"line":1,"column":0},"end":{"line":1,"column":43}},"1":{"start":{"line":2,"column":13},"end":{"line":18,"column":2}},"2":{"start":{"line":3,"column":50},"end":{"line":14,"column":6}},"3":{"start":{"line":4,"column":50},"end":{"line":4,"column":66}},"4":{"start":{"line":5,"column":8},"end":{"line":7,"column":null}},"5":{"start":{"line":6,"column":12},"end":{"line":6,"column":40}},"6":{"start":{"line":8,"column":8},"end":{"line":13,"column":10}},"7":{"start":{"line":16,"column":8},"end":{"line":16,"column":66}}},"fnMap":{"0":{"name":"(anonymous_7)","decl":{"start":{"line":3,"column":26},"end":{"line":3,"column":33}},"loc":{"start":{"line":3,"column":50},"end":{"line":14,"column":6}}},"1":{"name":"(anonymous_8)","decl":{"start":{"line":3,"column":50},"end":{"line":3,"column":null}},"loc":{"start":{"line":3,"column":50},"end":{"line":14,"column":5}}},"2":{"name":"(anonymous_9)","decl":{"start":{"line":15,"column":59},"end":{"line":15,"column":60}},"loc":{"start":{"line":15,"column":77},"end":{"line":17,"column":5}}}},"branchMap":{"0":{"loc":{"start":{"line":5,"column":8},"end":{"line":7,"column":null}},"type":"if","locations":[{"start":{"line":5,"column":8},"end":{"line":7,"column":null}}]},"1":{"loc":{"start":{"line":5,"column":12},"end":{"line":5,"column":51}},"type":"binary-expr","locations":[{"start":{"line":5,"column":12},"end":{"line":5,"column":17}},{"start":{"line":5,"column":21},"end":{"line":5,"column":27}},{"start":{"line":5,"column":31},"end":{"line":5,"column":39}},{"start":{"line":5,"column":43},"end":{"line":5,"column":51}}]}},"s":{"0":1,"1":1,"2":0,"3":0,"4":0,"5":0,"6":0,"7":0},"f":{"0":0,"1":0,"2":0},"b":{"0":[0],"1":[0,0,0,0]}}
,"/Users/masatoshi/Dev/副業/ポートフォリオ/portfolio-2023/resources/ts/styles/mediaQueries.ts": {"path":"/Users/masatoshi/Dev/副業/ポートフォリオ/portfolio-2023/resources/ts/styles/mediaQueries.ts","statementMap":{"0":{"start":{"line":1,"column":13},"end":{"line":8,"column":2}},"1":{"start":{"line":12,"column":22},"end":{"line":14,"column":1}},"2":{"start":{"line":13,"column":4},"end":{"line":13,"column":54}},"3":{"start":{"line":12,"column":13},"end":{"line":12,"column":22}},"4":{"start":{"line":15,"column":22},"end":{"line":17,"column":1}},"5":{"start":{"line":16,"column":4},"end":{"line":16,"column":58}},"6":{"start":{"line":15,"column":13},"end":{"line":15,"column":22}}},"fnMap":{"0":{"name":"(anonymous_0)","decl":{"start":{"line":12,"column":22},"end":{"line":12,"column":23}},"loc":{"start":{"line":12,"column":53},"end":{"line":14,"column":1}}},"1":{"name":"(anonymous_1)","decl":{"start":{"line":15,"column":22},"end":{"line":15,"column":23}},"loc":{"start":{"line":15,"column":53},"end":{"line":17,"column":1}}}},"branchMap":{},"s":{"0":1,"1":1,"2":3,"3":1,"4":1,"5":0,"6":1},"f":{"0":3,"1":0},"b":{}}
}
