TN:
SF:resources/ts/components/layouts/header/Logo.tsx
FN:31,Logo
FNF:1
FNH:1
FNDA:12,Logo
DA:2,1
DA:3,1
DA:5,1
DA:31,1
DA:32,12
LF:5
LH:5
BRF:0
BRH:0
end_of_record
TN:
SF:resources/ts/components/layouts/header/Navbar.tsx
FN:10,(anonymous_1)
FN:56,Navbar
FN:73,(anonymous_3)
FN:78,(anonymous_4)
FN:85,(anonymous_5)
FNF:5
FNH:5
FNDA:12,(anonymous_1)
FNDA:12,Navbar
FNDA:72,(anonymous_3)
FNDA:1,(anonymous_4)
FNDA:24,(anonymous_5)
DA:2,1
DA:3,1
DA:4,1
DA:5,1
DA:6,1
DA:7,1
DA:9,1
DA:11,12
DA:32,1
DA:56,1
DA:57,12
DA:59,12
DA:74,72
DA:78,1
DA:86,24
LF:15
LH:15
BRDA:22,0,0,4
BRDA:22,0,1,8
BRDA:67,1,0,12
BRDA:67,1,1,4
BRF:4
BRH:4
end_of_record
TN:
SF:resources/ts/components/layouts/header/SnsLink.tsx
FN:23,SnsLink
FNF:1
FNH:1
FNDA:24,SnsLink
DA:2,1
DA:4,1
DA:23,1
DA:24,24
LF:4
LH:4
BRF:0
BRH:0
end_of_record
TN:
SF:resources/ts/components/layouts/header/Toggler.tsx
FN:23,Toggler
FN:29,(anonymous_1)
FNF:2
FNH:2
FNDA:12,Toggler
FNDA:5,(anonymous_1)
DA:2,1
DA:5,1
DA:7,1
DA:23,1
DA:27,12
DA:29,5
LF:6
LH:6
BRDA:30,0,0,4
BRDA:30,0,1,8
BRF:2
BRH:2
end_of_record
TN:
SF:resources/ts/components/layouts/header/consts.ts
FNF:0
FNH:0
DA:1,1
DA:10,1
LF:2
LH:2
BRF:0
BRH:0
end_of_record
TN:
SF:resources/ts/mocks/handlers.ts
FN:3,(anonymous_7)
FN:3,(anonymous_8)
FN:15,(anonymous_9)
FNF:3
FNH:0
FNDA:0,(anonymous_7)
FNDA:0,(anonymous_8)
FNDA:0,(anonymous_9)
DA:1,1
DA:2,1
DA:3,0
DA:4,0
DA:5,0
DA:6,0
DA:8,0
DA:16,0
LF:8
LH:2
BRDA:5,0,0,0
BRDA:5,1,0,0
BRDA:5,1,1,0
BRDA:5,1,2,0
BRDA:5,1,3,0
BRF:5
BRH:0
end_of_record
TN:
SF:resources/ts/styles/mediaQueries.ts
FN:12,(anonymous_0)
FN:15,(anonymous_1)
FNF:2
FNH:1
FNDA:3,(anonymous_0)
FNDA:0,(anonymous_1)
DA:1,1
DA:12,1
DA:13,3
DA:15,1
DA:16,0
LF:5
LH:4
BRF:0
BRH:0
end_of_record
